<?xml version="1.0" encoding="UTF-8"?>
<!-- Generated by org.testng.reporters.JUnitXMLReporter -->
<testsuite hostname="LAPTOP-5EAMJ23T" name="Default test(failed)" tests="1" failures="1" timestamp="11 Dec 2018 05:33:22 GMT" time="12.56" errors="0">
  <testcase name="verifyHomePageTitle" time="0.022" classname="testcases.HomePageTest">
    <failure type="java.lang.AssertionError" message="Home page title not matched expected [LinkedIn] but found [(1) LinkedIn]">
      <![CDATA[java.lang.AssertionError: Home page title not matched expected [LinkedIn] but found [(1) LinkedIn]
	at testcases.HomePageTest.verifyHomePageTitle(HomePageTest.java:33)
... Removed 28 stack frames]]>
    </failure>
  </testcase> <!-- verifyHomePageTitle -->
</testsuite> <!-- Default test(failed) -->
