<?xml version="1.0" encoding="UTF-8"?>
<!-- Generated by org.testng.reporters.JUnitXMLReporter -->
<testsuite hostname="LAPTOP-5EAMJ23T" name="Default test" tests="3" failures="0" timestamp="2 Feb 2019 04:41:05 GMT" time="28.48" errors="0">
  <testcase name="verifyHomePageTitle" time="0.019" classname="testCases.HomePageTest"/>
  <testcase name="verfiyUserName" time="0.072" classname="testCases.HomePageTest"/>
  <testcase name="messagePageLogin" time="0.153" classname="testCases.HomePageTest"/>
</testsuite> <!-- Default test -->
