<?xml version="1.0" encoding="UTF-8"?>
<!-- Generated by org.testng.reporters.JUnitXMLReporter -->
<testsuite hostname="LAPTOP-5EAMJ23T" name="Default test" tests="5" failures="0" timestamp="15 Feb 2019 23:13:18 GMT" time="68.016" errors="0">
  <testcase name="clickMessageIcon" time="0.949" classname="testCases.MessagePageTest"/>
  <testcase name="searchUsername" time="1.382" classname="testCases.MessagePageTest"/>
  <testcase name="selectUser" time="1.776" classname="testCases.MessagePageTest"/>
  <testcase name="typeMessage" time="1.807" classname="testCases.MessagePageTest"/>
  <testcase name="sendMessage" time="2.055" classname="testCases.MessagePageTest"/>
</testsuite> <!-- Default test -->
