<?xml version="1.0" encoding="UTF-8"?>
<!-- Generated by org.testng.reporters.JUnitXMLReporter -->
<testsuite hostname="LAPTOP-5EAMJ23T" name="Regression1" tests="18" failures="0" timestamp="2 Feb 2019 23:13:49 GMT" time="181.675" errors="0">
  <testcase name="verifyTitle" time="0.056" classname="testCases.SignUpPageTest"/>
  <testcase name="validateLogo" time="0.047" classname="testCases.SignUpPageTest"/>
  <testcase name="SignUp" time="0.58" classname="testCases.SignUpPageTest"/>
  <testcase name="SignUp" time="0.527" classname="testCases.SignUpPageTest"/>
  <testcase name="SignUp" time="0.341" classname="testCases.SignUpPageTest"/>
  <testcase name="SignUp" time="0.383" classname="testCases.SignUpPageTest"/>
  <testcase name="SignUp" time="0.643" classname="testCases.SignUpPageTest"/>
  <testcase name="loginPageTitleTest" time="0.033" classname="testCases.loginPageTest"/>
  <testcase name="linkedInLogoTest" time="0.044" classname="testCases.loginPageTest"/>
  <testcase name="loginTest" time="5.333" classname="testCases.loginPageTest"/>
  <testcase name="verifyHomePageTitle" time="0.024" classname="testCases.HomePageTest"/>
  <testcase name="verfiyUserName" time="0.06" classname="testCases.HomePageTest"/>
  <testcase name="messagePageLogin" time="0.189" classname="testCases.HomePageTest"/>
  <testcase name="clickMessageIcon" time="2.309" classname="testCases.MessagePageTest"/>
  <testcase name="searchUsername" time="2.64" classname="testCases.MessagePageTest"/>
  <testcase name="selectUser" time="3.63" classname="testCases.MessagePageTest"/>
  <testcase name="typeMessage" time="3.922" classname="testCases.MessagePageTest"/>
  <testcase name="sendMessage" time="4.11" classname="testCases.MessagePageTest"/>
</testsuite> <!-- Regression1 -->
