<?xml version="1.0" encoding="UTF-8"?>
<!-- Generated by org.testng.reporters.JUnitXMLReporter -->
<testsuite hostname="LAPTOP-5EAMJ23T" name="Regression1" tests="18" failures="0" timestamp="17 Dec 2018 06:35:48 GMT" time="176.918" errors="0">
  <testcase name="verifyTitle" time="0.026" classname="testCases.SignUpPageTest"/>
  <testcase name="validateLogo" time="0.136" classname="testCases.SignUpPageTest"/>
  <testcase name="SignUp" time="0.812" classname="testCases.SignUpPageTest"/>
  <testcase name="SignUp" time="0.993" classname="testCases.SignUpPageTest"/>
  <testcase name="SignUp" time="0.455" classname="testCases.SignUpPageTest"/>
  <testcase name="SignUp" time="0.422" classname="testCases.SignUpPageTest"/>
  <testcase name="SignUp" time="1.037" classname="testCases.SignUpPageTest"/>
  <testcase name="loginPageTitleTest" time="0.01" classname="testCases.loginPageTest"/>
  <testcase name="linkedInLogoTest" time="0.054" classname="testCases.loginPageTest"/>
  <testcase name="loginTest" time="4.569" classname="testCases.loginPageTest"/>
  <testcase name="verifyHomePageTitle" time="0.006" classname="testCases.HomePageTest"/>
  <testcase name="verfiyUserName" time="0.049" classname="testCases.HomePageTest"/>
  <testcase name="messagePageLogin" time="0.126" classname="testCases.HomePageTest"/>
  <testcase name="clickMessageIcon" time="7.366" classname="testCases.MessagePageTest"/>
  <testcase name="searchUsername" time="2.984" classname="testCases.MessagePageTest"/>
  <testcase name="selectUser" time="3.154" classname="testCases.MessagePageTest"/>
  <testcase name="typeMessage" time="4.716" classname="testCases.MessagePageTest"/>
  <testcase name="sendMessage" time="3.662" classname="testCases.MessagePageTest"/>
</testsuite> <!-- Regression1 -->
