<?xml version="1.0" encoding="UTF-8"?>
<testng-results skipped="0" failed="0" total="5" passed="5">
  <reporter-output>
  </reporter-output>
  <suite name="Default suite" duration-ms="68016" started-at="2019-02-15T23:12:10Z" finished-at="2019-02-15T23:13:18Z">
    <groups>
    </groups>
    <test name="Default test" duration-ms="68016" started-at="2019-02-15T23:12:10Z" finished-at="2019-02-15T23:13:18Z">
      <class name="testCases.MessagePageTest">
        <test-method status="PASS" signature="setUp()[pri:0, instance:testCases.MessagePageTest@482f8f11]" name="setUp" is-config="true" duration-ms="11355" started-at="2019-02-15T15:12:10Z" finished-at="2019-02-15T15:12:22Z">
          <reporter-output>
          </reporter-output>
        </test-method> <!-- setUp -->
        <test-method status="PASS" signature="clickMessageIcon()[pri:0, instance:testCases.MessagePageTest@482f8f11]" name="clickMessageIcon" duration-ms="949" started-at="2019-02-15T15:12:22Z" finished-at="2019-02-15T15:12:23Z">
          <reporter-output>
          </reporter-output>
        </test-method> <!-- clickMessageIcon -->
        <test-method status="PASS" signature="tearDown()[pri:0, instance:testCases.MessagePageTest@482f8f11]" name="tearDown" is-config="true" duration-ms="802" started-at="2019-02-15T15:12:23Z" finished-at="2019-02-15T15:12:23Z">
          <reporter-output>
          </reporter-output>
        </test-method> <!-- tearDown -->
        <test-method status="PASS" signature="setUp()[pri:0, instance:testCases.MessagePageTest@482f8f11]" name="setUp" is-config="true" duration-ms="15199" started-at="2019-02-15T15:12:23Z" finished-at="2019-02-15T15:12:39Z">
          <reporter-output>
          </reporter-output>
        </test-method> <!-- setUp -->
        <test-method status="PASS" signature="searchUsername()[pri:0, instance:testCases.MessagePageTest@482f8f11]" name="searchUsername" duration-ms="1382" started-at="2019-02-15T15:12:39Z" finished-at="2019-02-15T15:12:40Z">
          <reporter-output>
          </reporter-output>
        </test-method> <!-- searchUsername -->
        <test-method status="PASS" signature="tearDown()[pri:0, instance:testCases.MessagePageTest@482f8f11]" name="tearDown" is-config="true" duration-ms="738" started-at="2019-02-15T15:12:40Z" finished-at="2019-02-15T15:12:41Z">
          <reporter-output>
          </reporter-output>
        </test-method> <!-- tearDown -->
        <test-method status="PASS" signature="setUp()[pri:0, instance:testCases.MessagePageTest@482f8f11]" name="setUp" is-config="true" duration-ms="9619" started-at="2019-02-15T15:12:41Z" finished-at="2019-02-15T15:12:50Z">
          <reporter-output>
          </reporter-output>
        </test-method> <!-- setUp -->
        <test-method status="PASS" signature="selectUser()[pri:0, instance:testCases.MessagePageTest@482f8f11]" name="selectUser" duration-ms="1776" started-at="2019-02-15T15:12:50Z" finished-at="2019-02-15T15:12:52Z">
          <reporter-output>
          </reporter-output>
        </test-method> <!-- selectUser -->
        <test-method status="PASS" signature="tearDown()[pri:0, instance:testCases.MessagePageTest@482f8f11]" name="tearDown" is-config="true" duration-ms="695" started-at="2019-02-15T15:12:52Z" finished-at="2019-02-15T15:12:53Z">
          <reporter-output>
          </reporter-output>
        </test-method> <!-- tearDown -->
        <test-method status="PASS" signature="setUp()[pri:0, instance:testCases.MessagePageTest@482f8f11]" name="setUp" is-config="true" duration-ms="10290" started-at="2019-02-15T15:12:53Z" finished-at="2019-02-15T15:13:03Z">
          <reporter-output>
          </reporter-output>
        </test-method> <!-- setUp -->
        <test-method status="PASS" signature="typeMessage()[pri:0, instance:testCases.MessagePageTest@482f8f11]" name="typeMessage" duration-ms="1807" started-at="2019-02-15T15:13:03Z" finished-at="2019-02-15T15:13:05Z">
          <reporter-output>
          </reporter-output>
        </test-method> <!-- typeMessage -->
        <test-method status="PASS" signature="tearDown()[pri:0, instance:testCases.MessagePageTest@482f8f11]" name="tearDown" is-config="true" duration-ms="704" started-at="2019-02-15T15:13:05Z" finished-at="2019-02-15T15:13:06Z">
          <reporter-output>
          </reporter-output>
        </test-method> <!-- tearDown -->
        <test-method status="PASS" signature="setUp()[pri:0, instance:testCases.MessagePageTest@482f8f11]" name="setUp" is-config="true" duration-ms="9934" started-at="2019-02-15T15:13:06Z" finished-at="2019-02-15T15:13:16Z">
          <reporter-output>
          </reporter-output>
        </test-method> <!-- setUp -->
        <test-method status="PASS" signature="sendMessage()[pri:0, instance:testCases.MessagePageTest@482f8f11]" name="sendMessage" duration-ms="2055" started-at="2019-02-15T15:13:16Z" finished-at="2019-02-15T15:13:18Z">
          <reporter-output>
          </reporter-output>
        </test-method> <!-- sendMessage -->
        <test-method status="PASS" signature="tearDown()[pri:0, instance:testCases.MessagePageTest@482f8f11]" name="tearDown" is-config="true" duration-ms="683" started-at="2019-02-15T15:13:18Z" finished-at="2019-02-15T15:13:18Z">
          <reporter-output>
          </reporter-output>
        </test-method> <!-- tearDown -->
      </class> <!-- testCases.MessagePageTest -->
    </test> <!-- Default test -->
  </suite> <!-- Default suite -->
</testng-results>
